2018-06-27 14:21:17.946  INFO 9520 --- [main] com.SpringbootApplication                : Starting SpringbootApplication on PC-20170406ESVH with PID 9520 (D:\ideawork\test2\Web\target\classes started by Administrator in D:\ideawork\test2)
2018-06-27 14:21:17.958 DEBUG 9520 --- [main] com.SpringbootApplication                : Running with Spring Boot v2.0.3.RELEASE, Spring v5.0.7.RELEASE
2018-06-27 14:21:17.960  INFO 9520 --- [main] com.SpringbootApplication                : No active profile set, falling back to default profiles: default
2018-06-27 14:21:18.022  INFO 9520 --- [main] ConfigServletWebServerApplicationContext : Refreshing org.springframework.boot.web.servlet.context.AnnotationConfigServletWebServerApplicationContext@55b699ef: startup date [Wed Jun 27 14:21:18 CST 2018]; root of context hierarchy
2018-06-27 14:21:20.635  INFO 9520 --- [main] trationDelegate$BeanPostProcessorChecker : Bean 'org.springframework.transaction.annotation.ProxyTransactionManagementConfiguration' of type [org.springframework.transaction.annotation.ProxyTransactionManagementConfiguration$$EnhancerBySpringCGLIB$$110cca63] is not eligible for getting processed by all BeanPostProcessors (for example: not eligible for auto-proxying)
2018-06-27 14:21:20.928 ERROR 9520 --- [main] o.a.catalina.core.AprLifecycleListener   : An incompatible version [1.1.27] of the APR based Apache Tomcat Native library is installed, while Tomcat requires version [1.2.14]
2018-06-27 14:21:21.045  INFO 9520 --- [main] o.s.b.w.embedded.tomcat.TomcatWebServer  : Tomcat initialized with port(s): 8080 (http)
2018-06-27 14:21:21.063 ERROR 9520 --- [main] o.a.catalina.core.AprLifecycleListener   : An incompatible version [1.1.27] of the APR based Apache Tomcat Native library is installed, while Tomcat requires version [1.2.14]
2018-06-27 14:21:21.078  INFO 9520 --- [main] o.apache.catalina.core.StandardService   : Starting service [Tomcat]
2018-06-27 14:21:21.078  INFO 9520 --- [main] org.apache.catalina.core.StandardEngine  : Starting Servlet Engine: Apache Tomcat/8.5.31
2018-06-27 14:21:21.084 ERROR 9520 --- [localhost-startStop-1] o.a.catalina.core.AprLifecycleListener   : An incompatible version [1.1.27] of the APR based Apache Tomcat Native library is installed, while Tomcat requires version [1.2.14]
2018-06-27 14:21:21.236  INFO 9520 --- [localhost-startStop-1] o.a.c.c.C.[Tomcat].[localhost].[/]       : Initializing Spring embedded WebApplicationContext
2018-06-27 14:21:21.236  INFO 9520 --- [localhost-startStop-1] o.s.web.context.ContextLoader            : Root WebApplicationContext: initialization completed in 3214 ms
2018-06-27 14:21:21.424  INFO 9520 --- [localhost-startStop-1] o.s.b.w.servlet.ServletRegistrationBean  : Servlet dispatcherServlet mapped to [/]
2018-06-27 14:21:21.431  INFO 9520 --- [localhost-startStop-1] o.s.b.w.servlet.FilterRegistrationBean   : Mapping filter: 'characterEncodingFilter' to: [/*]
2018-06-27 14:21:21.431  INFO 9520 --- [localhost-startStop-1] o.s.b.w.servlet.FilterRegistrationBean   : Mapping filter: 'hiddenHttpMethodFilter' to: [/*]
2018-06-27 14:21:21.431  INFO 9520 --- [localhost-startStop-1] o.s.b.w.servlet.FilterRegistrationBean   : Mapping filter: 'httpPutFormContentFilter' to: [/*]
2018-06-27 14:21:21.432  INFO 9520 --- [localhost-startStop-1] o.s.b.w.servlet.FilterRegistrationBean   : Mapping filter: 'requestContextFilter' to: [/*]
2018-06-27 14:21:21.594 DEBUG 9520 --- [main] com.zaxxer.hikari.HikariConfig           : Driver class oracle.jdbc.driver.OracleDriver found in Thread context class loader sun.misc.Launcher$AppClassLoader@18b4aac2
2018-06-27 14:21:26.565  INFO 9520 --- [main] o.s.w.s.handler.SimpleUrlHandlerMapping  : Mapped URL path [/**/favicon.ico] onto handler of type [class org.springframework.web.servlet.resource.ResourceHttpRequestHandler]
2018-06-27 14:21:26.905  INFO 9520 --- [main] s.w.s.m.m.a.RequestMappingHandlerAdapter : Looking for @ControllerAdvice: org.springframework.boot.web.servlet.context.AnnotationConfigServletWebServerApplicationContext@55b699ef: startup date [Wed Jun 27 14:21:18 CST 2018]; root of context hierarchy
2018-06-27 14:21:26.918  INFO 9520 --- [main] s.w.s.m.m.a.RequestMappingHandlerAdapter : Detected ResponseBodyAdvice bean in JSONPResponseBodyAdvice
2018-06-27 14:21:26.918  INFO 9520 --- [main] s.w.s.m.m.a.RequestMappingHandlerAdapter : Detected ResponseBodyAdvice bean in fastJsonpResponseBodyAdvice
2018-06-27 14:21:26.918  INFO 9520 --- [main] s.w.s.m.m.a.RequestMappingHandlerAdapter : Detected ResponseBodyAdvice bean in fastJsonViewResponseBodyAdvice
2018-06-27 14:21:26.986  INFO 9520 --- [main] s.w.s.m.m.a.RequestMappingHandlerMapping : Mapped "{[/test],methods=[GET]}" onto public void com.bean.Controller.TestController.useController(java.lang.String)
2018-06-27 14:21:26.987  INFO 9520 --- [main] s.w.s.m.m.a.RequestMappingHandlerMapping : Mapped "{[/getseansession],methods=[GET]}" onto public java.util.Map<java.lang.String, java.lang.String> com.bean.Controller.TestController.getSession(javax.servlet.http.HttpServletRequest)
2018-06-27 14:21:26.992  INFO 9520 --- [main] s.w.s.m.m.a.RequestMappingHandlerMapping : Mapped "{[/error]}" onto public org.springframework.http.ResponseEntity<java.util.Map<java.lang.String, java.lang.Object>> org.springframework.boot.autoconfigure.web.servlet.error.BasicErrorController.error(javax.servlet.http.HttpServletRequest)
2018-06-27 14:21:26.993  INFO 9520 --- [main] s.w.s.m.m.a.RequestMappingHandlerMapping : Mapped "{[/error],produces=[text/html]}" onto public org.springframework.web.servlet.ModelAndView org.springframework.boot.autoconfigure.web.servlet.error.BasicErrorController.errorHtml(javax.servlet.http.HttpServletRequest,javax.servlet.http.HttpServletResponse)
2018-06-27 14:21:27.029  INFO 9520 --- [main] o.s.w.s.handler.SimpleUrlHandlerMapping  : Mapped URL path [/webjars/**] onto handler of type [class org.springframework.web.servlet.resource.ResourceHttpRequestHandler]
2018-06-27 14:21:27.029  INFO 9520 --- [main] o.s.w.s.handler.SimpleUrlHandlerMapping  : Mapped URL path [/**] onto handler of type [class org.springframework.web.servlet.resource.ResourceHttpRequestHandler]
2018-06-27 14:21:27.050  INFO 9520 --- [main] .m.m.a.ExceptionHandlerExceptionResolver : Detected ResponseBodyAdvice implementation in JSONPResponseBodyAdvice
2018-06-27 14:21:27.050  INFO 9520 --- [main] .m.m.a.ExceptionHandlerExceptionResolver : Detected ResponseBodyAdvice implementation in fastJsonpResponseBodyAdvice
2018-06-27 14:21:27.050  INFO 9520 --- [main] .m.m.a.ExceptionHandlerExceptionResolver : Detected ResponseBodyAdvice implementation in fastJsonViewResponseBodyAdvice
2018-06-27 14:21:27.109  WARN 9520 --- [main] org.thymeleaf.templatemode.TemplateMode  : [THYMELEAF][main] Template Mode 'LEGACYHTML5' is deprecated. Using Template Mode 'HTML' instead.
2018-06-27 14:21:27.202  INFO 9520 --- [main] o.s.b.a.w.s.WelcomePageHandlerMapping    : Adding welcome page template: index
2018-06-27 14:21:27.519  INFO 9520 --- [main] o.s.j.e.a.AnnotationMBeanExporter        : Registering beans for JMX exposure on startup
2018-06-27 14:21:27.522  INFO 9520 --- [main] o.s.j.e.a.AnnotationMBeanExporter        : Bean with name 'dataSource' has been autodetected for JMX exposure
2018-06-27 14:21:27.533  INFO 9520 --- [main] o.s.j.e.a.AnnotationMBeanExporter        : Located MBean 'dataSource': registering with JMX server as MBean [com.zaxxer.hikari:name=dataSource,type=HikariDataSource]
2018-06-27 14:21:27.585  INFO 9520 --- [main] o.s.b.w.embedded.tomcat.TomcatWebServer  : Tomcat started on port(s): 8080 (http) with context path ''
2018-06-27 14:21:27.589  INFO 9520 --- [main] com.SpringbootApplication                : Started SpringbootApplication in 10.679 seconds (JVM running for 12.07)
2018-06-27 15:54:20.713  INFO 7916 --- [main] com.SpringbootApplication                : Starting SpringbootApplication on PC-20170406ESVH with PID 7916 (D:\ideawork\test2\Web\target\classes started by Administrator in D:\ideawork\test2)
2018-06-27 15:54:20.715 DEBUG 7916 --- [main] com.SpringbootApplication                : Running with Spring Boot v2.0.3.RELEASE, Spring v5.0.7.RELEASE
2018-06-27 15:54:20.717  INFO 7916 --- [main] com.SpringbootApplication                : No active profile set, falling back to default profiles: default
2018-06-27 15:54:20.781  INFO 7916 --- [main] ConfigServletWebServerApplicationContext : Refreshing org.springframework.boot.web.servlet.context.AnnotationConfigServletWebServerApplicationContext@689604d9: startup date [Wed Jun 27 15:54:20 CST 2018]; root of context hierarchy
2018-06-27 15:54:23.615  INFO 7916 --- [main] trationDelegate$BeanPostProcessorChecker : Bean 'org.springframework.transaction.annotation.ProxyTransactionManagementConfiguration' of type [org.springframework.transaction.annotation.ProxyTransactionManagementConfiguration$$EnhancerBySpringCGLIB$$43b1259c] is not eligible for getting processed by all BeanPostProcessors (for example: not eligible for auto-proxying)
2018-06-27 15:54:23.907 ERROR 7916 --- [main] o.a.catalina.core.AprLifecycleListener   : An incompatible version [1.1.27] of the APR based Apache Tomcat Native library is installed, while Tomcat requires version [1.2.14]
2018-06-27 15:54:24.022  INFO 7916 --- [main] o.s.b.w.embedded.tomcat.TomcatWebServer  : Tomcat initialized with port(s): 8080 (http)
2018-06-27 15:54:24.038 ERROR 7916 --- [main] o.a.catalina.core.AprLifecycleListener   : An incompatible version [1.1.27] of the APR based Apache Tomcat Native library is installed, while Tomcat requires version [1.2.14]
2018-06-27 15:54:24.053  INFO 7916 --- [main] o.apache.catalina.core.StandardService   : Starting service [Tomcat]
2018-06-27 15:54:24.053  INFO 7916 --- [main] org.apache.catalina.core.StandardEngine  : Starting Servlet Engine: Apache Tomcat/8.5.31
2018-06-27 15:54:24.060 ERROR 7916 --- [localhost-startStop-1] o.a.catalina.core.AprLifecycleListener   : An incompatible version [1.1.27] of the APR based Apache Tomcat Native library is installed, while Tomcat requires version [1.2.14]
2018-06-27 15:54:24.196  INFO 7916 --- [localhost-startStop-1] o.a.c.c.C.[Tomcat].[localhost].[/]       : Initializing Spring embedded WebApplicationContext
2018-06-27 15:54:24.197  INFO 7916 --- [localhost-startStop-1] o.s.web.context.ContextLoader            : Root WebApplicationContext: initialization completed in 3416 ms
2018-06-27 15:54:24.384  INFO 7916 --- [localhost-startStop-1] o.s.b.w.servlet.ServletRegistrationBean  : Servlet dispatcherServlet mapped to [/]
2018-06-27 15:54:24.390  INFO 7916 --- [localhost-startStop-1] o.s.b.w.servlet.FilterRegistrationBean   : Mapping filter: 'characterEncodingFilter' to: [/*]
2018-06-27 15:54:24.391  INFO 7916 --- [localhost-startStop-1] o.s.b.w.servlet.FilterRegistrationBean   : Mapping filter: 'hiddenHttpMethodFilter' to: [/*]
2018-06-27 15:54:24.391  INFO 7916 --- [localhost-startStop-1] o.s.b.w.servlet.FilterRegistrationBean   : Mapping filter: 'httpPutFormContentFilter' to: [/*]
2018-06-27 15:54:24.391  INFO 7916 --- [localhost-startStop-1] o.s.b.w.servlet.FilterRegistrationBean   : Mapping filter: 'requestContextFilter' to: [/*]
2018-06-27 15:54:24.558 DEBUG 7916 --- [main] com.zaxxer.hikari.HikariConfig           : Driver class oracle.jdbc.driver.OracleDriver found in Thread context class loader sun.misc.Launcher$AppClassLoader@18b4aac2
2018-06-27 15:54:29.246  INFO 7916 --- [main] o.s.w.s.handler.SimpleUrlHandlerMapping  : Mapped URL path [/**/favicon.ico] onto handler of type [class org.springframework.web.servlet.resource.ResourceHttpRequestHandler]
2018-06-27 15:54:29.568  INFO 7916 --- [main] s.w.s.m.m.a.RequestMappingHandlerAdapter : Looking for @ControllerAdvice: org.springframework.boot.web.servlet.context.AnnotationConfigServletWebServerApplicationContext@689604d9: startup date [Wed Jun 27 15:54:20 CST 2018]; root of context hierarchy
2018-06-27 15:54:29.580  INFO 7916 --- [main] s.w.s.m.m.a.RequestMappingHandlerAdapter : Detected ResponseBodyAdvice bean in JSONPResponseBodyAdvice
2018-06-27 15:54:29.580  INFO 7916 --- [main] s.w.s.m.m.a.RequestMappingHandlerAdapter : Detected ResponseBodyAdvice bean in fastJsonpResponseBodyAdvice
2018-06-27 15:54:29.581  INFO 7916 --- [main] s.w.s.m.m.a.RequestMappingHandlerAdapter : Detected ResponseBodyAdvice bean in fastJsonViewResponseBodyAdvice
2018-06-27 15:54:29.647  INFO 7916 --- [main] s.w.s.m.m.a.RequestMappingHandlerMapping : Mapped "{[/getseansession],methods=[GET]}" onto public java.util.Map<java.lang.String, java.lang.String> com.bean.Controller.TestController.getSession(javax.servlet.http.HttpServletRequest)
2018-06-27 15:54:29.648  INFO 7916 --- [main] s.w.s.m.m.a.RequestMappingHandlerMapping : Mapped "{[/test],methods=[GET]}" onto public void com.bean.Controller.TestController.useController(java.lang.String)
2018-06-27 15:54:29.653  INFO 7916 --- [main] s.w.s.m.m.a.RequestMappingHandlerMapping : Mapped "{[/error]}" onto public org.springframework.http.ResponseEntity<java.util.Map<java.lang.String, java.lang.Object>> org.springframework.boot.autoconfigure.web.servlet.error.BasicErrorController.error(javax.servlet.http.HttpServletRequest)
2018-06-27 15:54:29.654  INFO 7916 --- [main] s.w.s.m.m.a.RequestMappingHandlerMapping : Mapped "{[/error],produces=[text/html]}" onto public org.springframework.web.servlet.ModelAndView org.springframework.boot.autoconfigure.web.servlet.error.BasicErrorController.errorHtml(javax.servlet.http.HttpServletRequest,javax.servlet.http.HttpServletResponse)
2018-06-27 15:54:29.690  INFO 7916 --- [main] o.s.w.s.handler.SimpleUrlHandlerMapping  : Mapped URL path [/webjars/**] onto handler of type [class org.springframework.web.servlet.resource.ResourceHttpRequestHandler]
2018-06-27 15:54:29.690  INFO 7916 --- [main] o.s.w.s.handler.SimpleUrlHandlerMapping  : Mapped URL path [/**] onto handler of type [class org.springframework.web.servlet.resource.ResourceHttpRequestHandler]
2018-06-27 15:54:29.711  INFO 7916 --- [main] .m.m.a.ExceptionHandlerExceptionResolver : Detected ResponseBodyAdvice implementation in JSONPResponseBodyAdvice
2018-06-27 15:54:29.711  INFO 7916 --- [main] .m.m.a.ExceptionHandlerExceptionResolver : Detected ResponseBodyAdvice implementation in fastJsonpResponseBodyAdvice
2018-06-27 15:54:29.711  INFO 7916 --- [main] .m.m.a.ExceptionHandlerExceptionResolver : Detected ResponseBodyAdvice implementation in fastJsonViewResponseBodyAdvice
2018-06-27 15:54:30.054  WARN 7916 --- [main] org.thymeleaf.templatemode.TemplateMode  : [THYMELEAF][main] Template Mode 'LEGACYHTML5' is deprecated. Using Template Mode 'HTML' instead.
2018-06-27 15:54:30.543  INFO 7916 --- [main] o.s.b.a.w.s.WelcomePageHandlerMapping    : Adding welcome page template: index
2018-06-27 15:54:30.815  INFO 7916 --- [main] o.s.j.e.a.AnnotationMBeanExporter        : Registering beans for JMX exposure on startup
2018-06-27 15:54:30.818  INFO 7916 --- [main] o.s.j.e.a.AnnotationMBeanExporter        : Bean with name 'dataSource' has been autodetected for JMX exposure
2018-06-27 15:54:30.827  INFO 7916 --- [main] o.s.j.e.a.AnnotationMBeanExporter        : Located MBean 'dataSource': registering with JMX server as MBean [com.zaxxer.hikari:name=dataSource,type=HikariDataSource]
2018-06-27 15:54:30.878  INFO 7916 --- [main] o.s.b.w.embedded.tomcat.TomcatWebServer  : Tomcat started on port(s): 8080 (http) with context path ''
2018-06-27 15:54:30.883  INFO 7916 --- [main] com.SpringbootApplication                : Started SpringbootApplication in 11.129 seconds (JVM running for 12.516)
2018-06-27 15:54:55.896 ERROR 7916 --- [http-nio-8080-exec-1] o.a.catalina.core.AprLifecycleListener   : An incompatible version [1.1.27] of the APR based Apache Tomcat Native library is installed, while Tomcat requires version [1.2.14]
2018-06-27 15:54:55.912  INFO 7916 --- [http-nio-8080-exec-1] o.a.c.c.C.[Tomcat].[localhost].[/]       : Initializing Spring FrameworkServlet 'dispatcherServlet'
2018-06-27 15:54:55.912  INFO 7916 --- [http-nio-8080-exec-1] o.s.web.servlet.DispatcherServlet        : FrameworkServlet 'dispatcherServlet': initialization started
2018-06-27 15:54:55.937  INFO 7916 --- [http-nio-8080-exec-1] o.s.web.servlet.DispatcherServlet        : FrameworkServlet 'dispatcherServlet': initialization completed in 24 ms
2018-06-27 15:54:55.984  INFO 7916 --- [http-nio-8080-exec-1] com.bean.Controller.TestController       : ///////
2018-06-27 15:54:56.009 DEBUG 7916 --- [http-nio-8080-exec-1] com.zaxxer.hikari.HikariConfig           : HikariPool-1 - configuration:
2018-06-27 15:54:56.012 DEBUG 7916 --- [http-nio-8080-exec-1] com.zaxxer.hikari.HikariConfig           : allowPoolSuspension.............false
2018-06-27 15:54:56.013 DEBUG 7916 --- [http-nio-8080-exec-1] com.zaxxer.hikari.HikariConfig           : autoCommit......................true
2018-06-27 15:54:56.013 DEBUG 7916 --- [http-nio-8080-exec-1] com.zaxxer.hikari.HikariConfig           : catalog.........................none
2018-06-27 15:54:56.013 DEBUG 7916 --- [http-nio-8080-exec-1] com.zaxxer.hikari.HikariConfig           : connectionInitSql...............none
2018-06-27 15:54:56.013 DEBUG 7916 --- [http-nio-8080-exec-1] com.zaxxer.hikari.HikariConfig           : connectionTestQuery.............none
2018-06-27 15:54:56.014 DEBUG 7916 --- [http-nio-8080-exec-1] com.zaxxer.hikari.HikariConfig           : connectionTimeout...............30000
2018-06-27 15:54:56.014 DEBUG 7916 --- [http-nio-8080-exec-1] com.zaxxer.hikari.HikariConfig           : dataSource......................none
2018-06-27 15:54:56.014 DEBUG 7916 --- [http-nio-8080-exec-1] com.zaxxer.hikari.HikariConfig           : dataSourceClassName.............none
2018-06-27 15:54:56.014 DEBUG 7916 --- [http-nio-8080-exec-1] com.zaxxer.hikari.HikariConfig           : dataSourceJNDI..................none
2018-06-27 15:54:56.015 DEBUG 7916 --- [http-nio-8080-exec-1] com.zaxxer.hikari.HikariConfig           : dataSourceProperties............{password=<masked>}
2018-06-27 15:54:56.015 DEBUG 7916 --- [http-nio-8080-exec-1] com.zaxxer.hikari.HikariConfig           : driverClassName................."oracle.jdbc.driver.OracleDriver"
2018-06-27 15:54:56.015 DEBUG 7916 --- [http-nio-8080-exec-1] com.zaxxer.hikari.HikariConfig           : healthCheckProperties...........{}
2018-06-27 15:54:56.015 DEBUG 7916 --- [http-nio-8080-exec-1] com.zaxxer.hikari.HikariConfig           : healthCheckRegistry.............none
2018-06-27 15:54:56.015 DEBUG 7916 --- [http-nio-8080-exec-1] com.zaxxer.hikari.HikariConfig           : idleTimeout.....................600000
2018-06-27 15:54:56.016 DEBUG 7916 --- [http-nio-8080-exec-1] com.zaxxer.hikari.HikariConfig           : initializationFailFast..........true
2018-06-27 15:54:56.016 DEBUG 7916 --- [http-nio-8080-exec-1] com.zaxxer.hikari.HikariConfig           : initializationFailTimeout.......1
2018-06-27 15:54:56.016 DEBUG 7916 --- [http-nio-8080-exec-1] com.zaxxer.hikari.HikariConfig           : isolateInternalQueries..........false
2018-06-27 15:54:56.016 DEBUG 7916 --- [http-nio-8080-exec-1] com.zaxxer.hikari.HikariConfig           : jdbc4ConnectionTest.............false
2018-06-27 15:54:56.017 DEBUG 7916 --- [http-nio-8080-exec-1] com.zaxxer.hikari.HikariConfig           : jdbcUrl.........................jdbc:oracle:thin:@127.0.0.1:1521:mabang
2018-06-27 15:54:56.017 DEBUG 7916 --- [http-nio-8080-exec-1] com.zaxxer.hikari.HikariConfig           : leakDetectionThreshold..........0
2018-06-27 15:54:56.017 DEBUG 7916 --- [http-nio-8080-exec-1] com.zaxxer.hikari.HikariConfig           : maxLifetime.....................1800000
2018-06-27 15:54:56.017 DEBUG 7916 --- [http-nio-8080-exec-1] com.zaxxer.hikari.HikariConfig           : maximumPoolSize.................10
2018-06-27 15:54:56.017 DEBUG 7916 --- [http-nio-8080-exec-1] com.zaxxer.hikari.HikariConfig           : metricRegistry..................none
2018-06-27 15:54:56.018 DEBUG 7916 --- [http-nio-8080-exec-1] com.zaxxer.hikari.HikariConfig           : metricsTrackerFactory...........none
2018-06-27 15:54:56.018 DEBUG 7916 --- [http-nio-8080-exec-1] com.zaxxer.hikari.HikariConfig           : minimumIdle.....................10
2018-06-27 15:54:56.018 DEBUG 7916 --- [http-nio-8080-exec-1] com.zaxxer.hikari.HikariConfig           : password........................<masked>
2018-06-27 15:54:56.018 DEBUG 7916 --- [http-nio-8080-exec-1] com.zaxxer.hikari.HikariConfig           : poolName........................"HikariPool-1"
2018-06-27 15:54:56.018 DEBUG 7916 --- [http-nio-8080-exec-1] com.zaxxer.hikari.HikariConfig           : readOnly........................false
2018-06-27 15:54:56.018 DEBUG 7916 --- [http-nio-8080-exec-1] com.zaxxer.hikari.HikariConfig           : registerMbeans..................false
2018-06-27 15:54:56.019 DEBUG 7916 --- [http-nio-8080-exec-1] com.zaxxer.hikari.HikariConfig           : scheduledExecutor...............none
2018-06-27 15:54:56.019 DEBUG 7916 --- [http-nio-8080-exec-1] com.zaxxer.hikari.HikariConfig           : scheduledExecutorService........internal
2018-06-27 15:54:56.019 DEBUG 7916 --- [http-nio-8080-exec-1] com.zaxxer.hikari.HikariConfig           : schema..........................none
2018-06-27 15:54:56.019 DEBUG 7916 --- [http-nio-8080-exec-1] com.zaxxer.hikari.HikariConfig           : threadFactory...................internal
2018-06-27 15:54:56.019 DEBUG 7916 --- [http-nio-8080-exec-1] com.zaxxer.hikari.HikariConfig           : transactionIsolation............default
2018-06-27 15:54:56.019 DEBUG 7916 --- [http-nio-8080-exec-1] com.zaxxer.hikari.HikariConfig           : username........................"eshop"
2018-06-27 15:54:56.019 DEBUG 7916 --- [http-nio-8080-exec-1] com.zaxxer.hikari.HikariConfig           : validationTimeout...............5000
2018-06-27 15:54:56.019  INFO 7916 --- [http-nio-8080-exec-1] com.zaxxer.hikari.HikariDataSource       : HikariPool-1 - Starting...
2018-06-27 15:54:56.021  WARN 7916 --- [http-nio-8080-exec-1] com.zaxxer.hikari.util.DriverDataSource  : Registered driver with driverClassName=oracle.jdbc.driver.OracleDriver was not found, trying direct instantiation.
2018-06-27 15:54:56.021 DEBUG 7916 --- [http-nio-8080-exec-1] com.zaxxer.hikari.util.DriverDataSource  : Driver class oracle.jdbc.driver.OracleDriver found in Thread context class loader TomcatEmbeddedWebappClassLoader
  context: ROOT
  delegate: true
----------> Parent Classloader:
sun.misc.Launcher$AppClassLoader@18b4aac2

2018-06-27 15:54:56.163  INFO 7916 --- [http-nio-8080-exec-1] com.zaxxer.hikari.pool.PoolBase          : HikariPool-1 - Driver does not support get/set network timeout for connections. (oracle.jdbc.driver.T4CConnection.getNetworkTimeout()I)
2018-06-27 15:54:56.165 DEBUG 7916 --- [http-nio-8080-exec-1] com.zaxxer.hikari.pool.HikariPool        : HikariPool-1 - Added connection oracle.jdbc.driver.T4CConnection@7fcb7fc8
2018-06-27 15:54:56.167  INFO 7916 --- [http-nio-8080-exec-1] com.zaxxer.hikari.HikariDataSource       : HikariPool-1 - Start completed.
2018-06-27 15:54:56.174 DEBUG 7916 --- [http-nio-8080-exec-1] com.bean.dao.DbOrderMapper.orderAndSell  : ==>  Preparing: select o.orderid,s.orderid S_ORDERID from db_order o inner join db_sell s on o.orderid=s.orderid where o.orderid=? 
2018-06-27 15:54:56.253 DEBUG 7916 --- [http-nio-8080-exec-1] com.bean.dao.DbOrderMapper.orderAndSell  : ==> Parameters: 4202581203055606(String)
2018-06-27 15:54:56.268 DEBUG 7916 --- [HikariPool-1 housekeeper] com.zaxxer.hikari.pool.HikariPool        : HikariPool-1 - Pool stats (total=1, active=1, idle=0, waiting=0)
2018-06-27 15:54:56.291 DEBUG 7916 --- [HikariPool-1 connection adder] com.zaxxer.hikari.pool.HikariPool        : HikariPool-1 - Added connection oracle.jdbc.driver.T4CConnection@27509242
2018-06-27 15:54:56.307 DEBUG 7916 --- [http-nio-8080-exec-1] com.bean.dao.DbOrderMapper.orderAndSell  : <==      Total: 1
2018-06-27 15:54:56.310  INFO 7916 --- [http-nio-8080-exec-1] com.bean.Controller.TestController       : 信息：BaseOrderIncludeSellBean [Hash = -1694890388, orderid=4202581203055606, corpid=null, tradeid=null, tradetype=null, tradeurl=null, customerid=null, customersex=null, customerage=null, customerbirthday=null, customerlastname=null, customertype=null, customertel1=null, customertel2=null, customeremail=null, customerqq=null, customermsn=null, customerzipcode=null, customerfax=null, customerreserve2=null, customerreserve3=null, customerreserve4=null, customerreserve5=null, customerreserve6=null, customerreserve7=null, customerreserve8=null, customerreserve9=null, shoptypeid=null, shoptype=null, salesource=null, moneytype=null, moneyask=null, moneyaction=null, moneyexpressask=null, moneyexpressaction=null, moneyorigin1=null, moneyorigin2=null, moneyorigin3=null, moneyorigin4=null, ordertime=null, uploadtime=null, paytime=null, expresstime=null, expresstype=null, expressid=null, expressunit=null, expressweight=null, payid=null, payoper=null, expressoper=null, stockoper=null, oper=null, opertime=null, stype=null, status=null, delaydays=null, ordertypeid=null, ordertypename=null, color=null, alertflag=null, insurance=null, packagingid=null, packagingname=null, packagingweight=null, orderweight=null, expresstypeid=null, sellnum=null, ordernum=null, ordersource=null, refundflag=null, refundrmb=null, refundloss=null, refundoriginal=null, bansendflag=null, slreserve5=null, slreserve6=null, slreserve7=null, slreserve8=null, slreserve9=null, slreserve10=null, xbreserve5=null, xbreserve6=null, xbreserve7=null, xbreserve8=null, qlreserve4=null, qlreserve5=null, qlreserve6=null, qlreserve7=null, qlreserve8=null, moneyrate=null, originordermoney=null, originexpressmoney=null, origininsurance=null, originfinalvaluefee=null, actionorderweight=null, finalvaluefee=null, ordermoney=null, xbtime1=null, xbtime2=null, xbtime3=null, calculateflag=null, basemoney=null, baseweight=null, unitmoney=null, fixedmoney1=null, fixedmoney2=null, unitweight=null, paypalfeeamount=null, paypalgrossamount=null, paypalnetamount=null, paypalflag=null, printtime=null, packagingfee=null, paypalemail=null, paypaloper=null, paypalpostcode=null, paypaltel=null, originpaypalfeeamount=null, originpaypalgrossamount=null, originpaypalnetamount=null, paypaldispute=null, ebaydispute=null, creatordertime=null, positivenum=null, neutralnum=null, negativenum=null, feedbacktime=null, height=null, weidth=null, length=null, ckyflag=null, fpxexpresstypeid=null, fpxexpresstype=null, warehouse=null, ordersign=null, itemsign=null, tradetypeflag=null, notestoyourselfflag=null, contentflag=null, orderoper=null, paypalupdatesflag=null, closetime=null, groupid=null, customername=null, customerfirstname=null, customercountry=null, customerprovince=null, customercity=null, customeraddress=null, customerreserve1=null, customerreserve10=null, statusdescr=null, content=null, descr1=null, descr2=null, descr3=null, reserve1=null, reserve2=null, reserve3=null, reserve4=null, reserve5=null, reserve6=null, reserve7=null, reserve8=null, reserve9=null, reserve10=null, reserve11=null, reserve12=null, reserve13=null, reserve14=null, reserve15=null, reserve16=null, reserve17=null, reserve18=null, reserve19=null, reserve20=null, notestoyourself=null, postageservice=null, packagingclass=null, oper1=null, oper2=null, storageid=null, locationid=null, location=null, storage=null, slreserve1=null, slreserve2=null, slreserve3=null, slreserve4=null, xbreserve1=null, xbreserve2=null, xbreserve3=null, xbreserve4=null, qlreserve1=null, qlreserve2=null, qlreserve3=null, paypacountry=null, paypalstatus=null, paypalstreet=null, paypalstreet1=null, paypalstreet2=null, paypalcity=null, paypalprovince=null, ebaycustomeraddress=null, paypalcustomeraddress=null, errordescr=null, originsku=null, serialVersionUID=1],sellList=[DbSell [Hash = -1694890478, sid=null, corpid=null, orderid=4202581203055606, productid=null, ordernum=null, costprice=null, sellprice=null, amount=null, ordertime=null, storageid=null, storage=null, locationid=null, location=null, alertflag=null, shoptype=null, updateflag=null, oper=null, opertime=null, flag=null, reserve1=null, reserve2=null, reserve3=null, reserve6=null, reserve8=null, reserve9=null, reserve10=null, productsavenum=null, productordernum=null, productalertnum=null, tradeid=null, transactionid=null, originsellprice=null, moneytype=null, groupid=null, weight=null, weightamount=null, packagingid=null, packagingname=null, packagingweight=null, shoptypeid=null, ebayitemid=null, finalvaluefee=null, feedback=null, oper1=null, oper2=null, originordermoney=null, originexpressmoney=null, origininsurance=null, originfinalvaluefee=null, xbtime1=null, xbtime2=null, xbtime3=null, orderexpressask=null, orderexpressaction=null, totalpaypalfee=null, moneyexpressask=null, moneyexpressaction=null, totalweight=null, weightflag=null, paypalflag=null, totalmoney=null, moneyrate=null, paypalfee=null, weightrate=null, packagingfee=null, splitpackagingfee=null, selloper=null, originsku=null, productname=null, customerid=null, descr1=null, descr2=null, descr3=null, reserve4=null, reserve5=null, reserve7=null, productpic1=null, packagingclass=null, englishname=null, serialVersionUID=1],]
2018-06-27 15:54:56.312 DEBUG 7916 --- [HikariPool-1 connection adder] com.zaxxer.hikari.pool.HikariPool        : HikariPool-1 - Added connection oracle.jdbc.driver.T4CConnection@299768d8
2018-06-27 15:54:56.337 DEBUG 7916 --- [HikariPool-1 connection adder] com.zaxxer.hikari.pool.HikariPool        : HikariPool-1 - Added connection oracle.jdbc.driver.T4CConnection@2da8f932
2018-06-27 15:54:56.358 DEBUG 7916 --- [HikariPool-1 connection adder] com.zaxxer.hikari.pool.HikariPool        : HikariPool-1 - Added connection oracle.jdbc.driver.T4CConnection@68aa62e3
2018-06-27 15:54:56.378 DEBUG 7916 --- [HikariPool-1 connection adder] com.zaxxer.hikari.pool.HikariPool        : HikariPool-1 - Added connection oracle.jdbc.driver.T4CConnection@4bcb3f36
2018-06-27 15:54:56.399 DEBUG 7916 --- [HikariPool-1 connection adder] com.zaxxer.hikari.pool.HikariPool        : HikariPool-1 - Added connection oracle.jdbc.driver.T4CConnection@59084f3f
2018-06-27 15:54:56.424 DEBUG 7916 --- [HikariPool-1 connection adder] com.zaxxer.hikari.pool.HikariPool        : HikariPool-1 - Added connection oracle.jdbc.driver.T4CConnection@33834c45
2018-06-27 15:54:56.447 DEBUG 7916 --- [HikariPool-1 connection adder] com.zaxxer.hikari.pool.HikariPool        : HikariPool-1 - Added connection oracle.jdbc.driver.T4CConnection@8859dac
2018-06-27 15:54:56.476 DEBUG 7916 --- [HikariPool-1 connection adder] com.zaxxer.hikari.pool.HikariPool        : HikariPool-1 - Added connection oracle.jdbc.driver.T4CConnection@1cfe4d9
2018-06-27 15:54:56.476 DEBUG 7916 --- [HikariPool-1 connection adder] com.zaxxer.hikari.pool.HikariPool        : HikariPool-1 - After adding stats (total=10, active=0, idle=10, waiting=0)
2018-06-27 15:55:26.269 DEBUG 7916 --- [HikariPool-1 housekeeper] com.zaxxer.hikari.pool.HikariPool        : HikariPool-1 - Pool stats (total=10, active=0, idle=10, waiting=0)
